Sun Apr 02 2017 11:50:34 GMT+0300 (MSK): GET /
Sun Apr 02 2017 12:11:26 GMT+0300 (MSK): GET /
Sun Apr 02 2017 12:11:27 GMT+0300 (MSK): GET /
Sun Apr 02 2017 12:11:27 GMT+0300 (MSK): GET /
Sun Apr 02 2017 12:11:28 GMT+0300 (MSK): GET /
Sun Apr 02 2017 12:11:28 GMT+0300 (MSK): GET /
Sun Apr 02 2017 12:11:29 GMT+0300 (MSK): GET /
Sun Apr 02 2017 12:11:29 GMT+0300 (MSK): GET /
Sun Apr 02 2017 12:11:30 GMT+0300 (MSK): GET /
Sun Apr 02 2017 12:11:31 GMT+0300 (MSK): GET /
Sun Apr 02 2017 12:11:31 GMT+0300 (MSK): GET /
Sun Apr 02 2017 12:11:32 GMT+0300 (MSK): GET /
Sun Apr 02 2017 12:11:57 GMT+0300 (MSK): GET /
Sun Apr 02 2017 12:12:00 GMT+0300 (MSK): GET /mid
Sun Apr 02 2017 12:12:01 GMT+0300 (MSK): GET /mid
Sun Apr 02 2017 12:12:05 GMT+0300 (MSK): GET /mid
Sun Apr 02 2017 12:12:05 GMT+0300 (MSK): GET /
Sun Apr 02 2017 12:12:06 GMT+0300 (MSK): GET /bad
Sun Apr 02 2017 12:12:10 GMT+0300 (MSK): GET /bad
Sun Apr 02 2017 12:12:10 GMT+0300 (MSK): GET /
Sun Apr 02 2017 12:12:12 GMT+0300 (MSK): GET /laskdjflkadsjf
Sun Apr 02 2017 12:12:58 GMT+0300 (MSK): GET /laskdjflkadsjf
Sun Apr 02 2017 12:15:15 GMT+0300 (MSK): GET /mid
Sun Apr 02 2017 12:15:17 GMT+0300 (MSK): GET /mid
Sun Apr 02 2017 12:15:17 GMT+0300 (MSK): GET /mid
Sun Apr 02 2017 12:15:21 GMT+0300 (MSK): GET /mid
Sun Apr 02 2017 12:15:21 GMT+0300 (MSK): GET /
Sun Apr 02 2017 12:15:21 GMT+0300 (MSK): GET /
Sun Apr 02 2017 12:15:25 GMT+0300 (MSK): GET /get
Sun Apr 02 2017 12:15:29 GMT+0300 (MSK): GET /get
Sun Apr 02 2017 12:15:31 GMT+0300 (MSK): GET /geAHSFJKAHSFKj
Sun Apr 02 2017 12:15:34 GMT+0300 (MSK): GET /geAHSFJKAHSFKjsdkljflskdjf
Sun Apr 02 2017 12:15:39 GMT+0300 (MSK): GET /geAHSFJKAHSFKjsdkljflskdjfsdfhshe(*
Sun Apr 02 2017 12:15:51 GMT+0300 (MSK): GET /
Sun Apr 02 2017 12:15:52 GMT+0300 (MSK): GET /aw
Sun Apr 02 2017 12:15:55 GMT+0300 (MSK): GET /aw
Sun Apr 02 2017 12:15:55 GMT+0300 (MSK): GET /
Sun Apr 02 2017 12:15:56 GMT+0300 (MSK): GET /manager
Sun Apr 02 2017 12:15:59 GMT+0300 (MSK): GET /manager
Sun Apr 02 2017 12:16:00 GMT+0300 (MSK): GET /
Sun Apr 02 2017 12:16:01 GMT+0300 (MSK): GET /root
Sun Apr 02 2017 12:16:05 GMT+0300 (MSK): GET /root
Sun Apr 02 2017 12:16:05 GMT+0300 (MSK): GET /
Sun Apr 02 2017 12:17:31 GMT+0300 (MSK): GET /
Sun Apr 02 2017 12:17:32 GMT+0300 (MSK): GET /
